<?xml version="1.0" encoding="UTF-8"?>
<testng-results ignored="0" total="2" passed="2" failed="0" skipped="0">
  <reporter-output>
  </reporter-output>
  <suite started-at="2022-02-28T09:57:36Z" name="Suite" finished-at="2022-02-28T09:57:47Z" duration-ms="10978">
    <groups>
      <group name="execute this">
        <method signature="FlipkartTask2.excelRead()[pri:4, instance:com.flipkartStock.FlipkartTask2@6cc558c6]" name="excelRead" class="com.flipkartStock.FlipkartTask2"/>
        <method signature="FlipkartTask2.login()[pri:1, instance:com.flipkartStock.FlipkartTask2@6cc558c6]" name="login" class="com.flipkartStock.FlipkartTask2"/>
        <method signature="FlipkartTask2.screenShot()[pri:5, instance:com.flipkartStock.FlipkartTask2@6cc558c6]" name="screenShot" class="com.flipkartStock.FlipkartTask2"/>
        <method signature="FlipkartTask2.searchfield()[pri:2, instance:com.flipkartStock.FlipkartTask2@6cc558c6]" name="searchfield" class="com.flipkartStock.FlipkartTask2"/>
        <method signature="FlipkartTask2.windowsHandling()[pri:3, instance:com.flipkartStock.FlipkartTask2@6cc558c6]" name="windowsHandling" class="com.flipkartStock.FlipkartTask2"/>
        <method signature="Snapdealtask2.login(java.lang.String, java.lang.String)[pri:1, instance:com.flipkartStock.Snapdealtask2@15713d56]" name="login" class="com.flipkartStock.Snapdealtask2"/>
      </group> <!-- execute this -->
    </groups>
    <test started-at="2022-02-28T09:57:36Z" name="Test" finished-at="2022-02-28T09:57:47Z" duration-ms="10978">
      <class name="com.flipkartStock.FlipkartTask2">
        <test-method is-config="true" signature="beforeTest()[pri:0, instance:com.flipkartStock.FlipkartTask2@6cc558c6]" started-at="2022-02-28T09:57:36Z" name="beforeTest" finished-at="2022-02-28T09:57:36Z" duration-ms="11" status="PASS">
          <reporter-output>
          </reporter-output>
        </test-method> <!-- beforeTest -->
        <test-method is-config="true" signature="beforeClass()[pri:0, instance:com.flipkartStock.FlipkartTask2@6cc558c6]" started-at="2022-02-28T09:57:36Z" name="beforeClass" finished-at="2022-02-28T09:57:42Z" duration-ms="6167" status="PASS">
          <reporter-output>
          </reporter-output>
        </test-method> <!-- beforeClass -->
        <test-method signature="login()[pri:1, instance:com.flipkartStock.FlipkartTask2@6cc558c6]" started-at="2022-02-28T09:57:42Z" name="login" finished-at="2022-02-28T09:57:42Z" duration-ms="121" status="PASS">
          <reporter-output>
          </reporter-output>
        </test-method> <!-- login -->
        <test-method is-config="true" signature="afterTest()[pri:0, instance:com.flipkartStock.FlipkartTask2@6cc558c6]" started-at="2022-02-28T09:57:47Z" name="afterTest" finished-at="2022-02-28T09:57:47Z" duration-ms="1" status="PASS">
          <reporter-output>
          </reporter-output>
        </test-method> <!-- afterTest -->
      </class> <!-- com.flipkartStock.FlipkartTask2 -->
      <class name="com.flipkartStock.Snapdealtask2">
        <test-method is-config="true" signature="beforeClass()[pri:0, instance:com.flipkartStock.Snapdealtask2@15713d56]" started-at="2022-02-28T09:57:42Z" name="beforeClass" finished-at="2022-02-28T09:57:47Z" duration-ms="4641" status="PASS">
          <reporter-output>
          </reporter-output>
        </test-method> <!-- beforeClass -->
        <test-method signature="login(java.lang.String, java.lang.String)[pri:1, instance:com.flipkartStock.Snapdealtask2@15713d56]" started-at="2022-02-28T09:57:47Z" name="login" finished-at="2022-02-28T09:57:47Z" duration-ms="3" status="PASS">
          <params>
            <param index="0">
              <value>
                <![CDATA[Bargan]]>
              </value>
            </param>
            <param index="1">
              <value>
                <![CDATA[uthirapathi]]>
              </value>
            </param>
          </params>
          <reporter-output>
          </reporter-output>
        </test-method> <!-- login -->
        <test-method is-config="true" signature="afterClass()[pri:0, instance:com.flipkartStock.Snapdealtask2@15713d56]" started-at="2022-02-28T09:57:47Z" name="afterClass" finished-at="2022-02-28T09:57:47Z" duration-ms="1" status="PASS">
          <reporter-output>
          </reporter-output>
        </test-method> <!-- afterClass -->
      </class> <!-- com.flipkartStock.Snapdealtask2 -->
    </test> <!-- Test -->
  </suite> <!-- Suite -->
</testng-results>
